app/build/intermediates/manifest_merge_blame_file/debug/manifest-merger-blame-debug-report.txt
1<?xml version="1.0" encoding="utf-8"?>
2<manifest xmlns:android="http://schemas.android.com/apk/res/android"
3    package="com.guardianp"
4    android:versionCode="1"
5    android:versionName="1.0" >
6
7    <uses-sdk
8        android:minSdkVersion="26"
9        android:targetSdkVersion="34" />
10
11    <!-- Permissions -->
12    <uses-permission android:name="android.permission.FOREGROUND_SERVICE" />
12-->src\main\AndroidManifest.xml:6:5-77
12-->src\main\AndroidManifest.xml:6:22-74
13    <uses-permission android:name="android.permission.SYSTEM_ALERT_WINDOW" />
13-->src\main\AndroidManifest.xml:7:5-78
13-->src\main\AndroidManifest.xml:7:22-75
14    <uses-permission android:name="android.permission.RECEIVE_BOOT_COMPLETED" />
14-->src\main\AndroidManifest.xml:8:5-81
14-->src\main\AndroidManifest.xml:8:22-78
15
16    <!-- For Device Admin - Prevents easy uninstall -->
17    <uses-permission android:name="android.permission.BIND_DEVICE_ADMIN" />
17-->src\main\AndroidManifest.xml:11:5-76
17-->src\main\AndroidManifest.xml:11:22-73
18
19    <!-- For Auto-Update -->
20    <uses-permission android:name="android.permission.REQUEST_INSTALL_PACKAGES" />
20-->src\main\AndroidManifest.xml:14:5-83
20-->src\main\AndroidManifest.xml:14:22-80
21    <uses-permission android:name="android.permission.INTERNET" />
21-->src\main\AndroidManifest.xml:15:5-67
21-->src\main\AndroidManifest.xml:15:22-64
22
23    <permission
23-->[androidx.core:core:1.12.0] AndroidManifest.xml:22:5-24:47
24        android:name="com.guardianp.DYNAMIC_RECEIVER_NOT_EXPORTED_PERMISSION"
24-->[androidx.core:core:1.12.0] AndroidManifest.xml:23:9-81
25        android:protectionLevel="signature" />
25-->[androidx.core:core:1.12.0] AndroidManifest.xml:24:9-44
26
27    <uses-permission android:name="com.guardianp.DYNAMIC_RECEIVER_NOT_EXPORTED_PERMISSION" /> <!-- Already exists but ensuring -->
27-->[androidx.core:core:1.12.0] AndroidManifest.xml:26:5-97
27-->[androidx.core:core:1.12.0] AndroidManifest.xml:26:22-94
28    <application
28-->src\main\AndroidManifest.xml:17:5-75:19
29        android:allowBackup="true"
29-->src\main\AndroidManifest.xml:18:9-35
30        android:appComponentFactory="androidx.core.app.CoreComponentFactory"
30-->[androidx.core:core:1.12.0] AndroidManifest.xml:28:18-86
31        android:debuggable="true"
32        android:extractNativeLibs="false"
33        android:icon="@drawable/ic_launcher"
33-->src\main\AndroidManifest.xml:19:9-45
34        android:label="GuardianP"
34-->src\main\AndroidManifest.xml:20:9-34
35        android:roundIcon="@drawable/ic_launcher"
35-->src\main\AndroidManifest.xml:21:9-50
36        android:supportsRtl="true"
36-->src\main\AndroidManifest.xml:22:9-35
37        android:testOnly="true"
38        android:theme="@style/Theme.GuardianP" >
38-->src\main\AndroidManifest.xml:23:9-47
39
40        <!-- FileProvider for Auto-Update APK installation -->
41        <provider
42            android:name="androidx.core.content.FileProvider"
42-->src\main\AndroidManifest.xml:27:13-62
43            android:authorities="com.guardianp.provider"
43-->src\main\AndroidManifest.xml:28:13-60
44            android:exported="false"
44-->src\main\AndroidManifest.xml:29:13-37
45            android:grantUriPermissions="true" >
45-->src\main\AndroidManifest.xml:30:13-47
46            <meta-data
46-->src\main\AndroidManifest.xml:31:13-33:58
47                android:name="android.support.FILE_PROVIDER_PATHS"
47-->src\main\AndroidManifest.xml:32:17-67
48                android:resource="@xml/provider_paths" />
48-->src\main\AndroidManifest.xml:33:17-55
49        </provider>
50
51        <!-- Accessibility Service Declaration -->
52        <service
52-->src\main\AndroidManifest.xml:37:9-48:19
53            android:name="com.guardianp.service.GuardianAccessibilityService"
53-->src\main\AndroidManifest.xml:38:13-65
54            android:exported="true"
54-->src\main\AndroidManifest.xml:41:13-36
55            android:label="Guardian Accessibility Service"
55-->src\main\AndroidManifest.xml:39:13-59
56            android:permission="android.permission.BIND_ACCESSIBILITY_SERVICE" >
56-->src\main\AndroidManifest.xml:40:13-79
57            <intent-filter>
57-->src\main\AndroidManifest.xml:42:13-44:29
58                <action android:name="android.accessibilityservice.AccessibilityService" />
58-->src\main\AndroidManifest.xml:43:17-92
58-->src\main\AndroidManifest.xml:43:25-89
59            </intent-filter>
60
61            <meta-data
61-->src\main\AndroidManifest.xml:45:13-47:72
62                android:name="android.accessibilityservice"
62-->src\main\AndroidManifest.xml:46:17-60
63                android:resource="@xml/accessibility_service_config" />
63-->src\main\AndroidManifest.xml:47:17-69
64        </service>
65
66        <!-- Device Admin Receiver Declaration -->
67        <receiver
67-->src\main\AndroidManifest.xml:51:9-64:20
68            android:name="com.guardianp.receiver.GuardianDeviceAdminReceiver"
68-->src\main\AndroidManifest.xml:52:13-65
69            android:description="@string/device_admin_description"
69-->src\main\AndroidManifest.xml:53:13-67
70            android:exported="true"
70-->src\main\AndroidManifest.xml:56:13-36
71            android:label="Guardian Device Admin"
71-->src\main\AndroidManifest.xml:54:13-50
72            android:permission="android.permission.BIND_DEVICE_ADMIN" >
72-->src\main\AndroidManifest.xml:55:13-70
73            <meta-data
73-->src\main\AndroidManifest.xml:57:13-59:63
74                android:name="android.app.device_admin"
74-->src\main\AndroidManifest.xml:58:17-56
75                android:resource="@xml/device_admin_config" />
75-->src\main\AndroidManifest.xml:59:17-60
76
77            <intent-filter>
77-->src\main\AndroidManifest.xml:60:13-63:29
78                <action android:name="android.app.action.DEVICE_ADMIN_ENABLED" />
78-->src\main\AndroidManifest.xml:61:17-82
78-->src\main\AndroidManifest.xml:61:25-79
79                <action android:name="android.app.action.DEVICE_ADMIN_DISABLED" />
79-->src\main\AndroidManifest.xml:62:17-83
79-->src\main\AndroidManifest.xml:62:25-80
80            </intent-filter>
81        </receiver>
82
83        <!-- Main Activity -->
84        <activity
84-->src\main\AndroidManifest.xml:67:9-74:20
85            android:name="com.guardianp.MainActivity"
85-->src\main\AndroidManifest.xml:68:13-41
86            android:exported="true" >
86-->src\main\AndroidManifest.xml:69:13-36
87            <intent-filter>
87-->src\main\AndroidManifest.xml:70:13-73:29
88                <action android:name="android.intent.action.MAIN" />
88-->src\main\AndroidManifest.xml:71:17-69
88-->src\main\AndroidManifest.xml:71:25-66
89
90                <category android:name="android.intent.category.LAUNCHER" />
90-->src\main\AndroidManifest.xml:72:17-77
90-->src\main\AndroidManifest.xml:72:27-74
91            </intent-filter>
92        </activity>
93
94        <provider
94-->[androidx.emoji2:emoji2:1.2.0] AndroidManifest.xml:24:9-32:20
95            android:name="androidx.startup.InitializationProvider"
95-->[androidx.emoji2:emoji2:1.2.0] AndroidManifest.xml:25:13-67
96            android:authorities="com.guardianp.androidx-startup"
96-->[androidx.emoji2:emoji2:1.2.0] AndroidManifest.xml:26:13-68
97            android:exported="false" >
97-->[androidx.emoji2:emoji2:1.2.0] AndroidManifest.xml:27:13-37
98            <meta-data
98-->[androidx.emoji2:emoji2:1.2.0] AndroidManifest.xml:29:13-31:52
99                android:name="androidx.emoji2.text.EmojiCompatInitializer"
99-->[androidx.emoji2:emoji2:1.2.0] AndroidManifest.xml:30:17-75
100                android:value="androidx.startup" />
100-->[androidx.emoji2:emoji2:1.2.0] AndroidManifest.xml:31:17-49
101            <meta-data
101-->[androidx.lifecycle:lifecycle-process:2.6.1] AndroidManifest.xml:29:13-31:52
102                android:name="androidx.lifecycle.ProcessLifecycleInitializer"
102-->[androidx.lifecycle:lifecycle-process:2.6.1] AndroidManifest.xml:30:17-78
103                android:value="androidx.startup" />
103-->[androidx.lifecycle:lifecycle-process:2.6.1] AndroidManifest.xml:31:17-49
104            <meta-data
104-->[androidx.profileinstaller:profileinstaller:1.3.0] AndroidManifest.xml:29:13-31:52
105                android:name="androidx.profileinstaller.ProfileInstallerInitializer"
105-->[androidx.profileinstaller:profileinstaller:1.3.0] AndroidManifest.xml:30:17-85
106                android:value="androidx.startup" />
106-->[androidx.profileinstaller:profileinstaller:1.3.0] AndroidManifest.xml:31:17-49
107        </provider>
108
109        <receiver
109-->[androidx.profileinstaller:profileinstaller:1.3.0] AndroidManifest.xml:34:9-52:20
110            android:name="androidx.profileinstaller.ProfileInstallReceiver"
110-->[androidx.profileinstaller:profileinstaller:1.3.0] AndroidManifest.xml:35:13-76
111            android:directBootAware="false"
111-->[androidx.profileinstaller:profileinstaller:1.3.0] AndroidManifest.xml:36:13-44
112            android:enabled="true"
112-->[androidx.profileinstaller:profileinstaller:1.3.0] AndroidManifest.xml:37:13-35
113            android:exported="true"
113-->[androidx.profileinstaller:profileinstaller:1.3.0] AndroidManifest.xml:38:13-36
114            android:permission="android.permission.DUMP" >
114-->[androidx.profileinstaller:profileinstaller:1.3.0] AndroidManifest.xml:39:13-57
115            <intent-filter>
115-->[androidx.profileinstaller:profileinstaller:1.3.0] AndroidManifest.xml:40:13-42:29
116                <action android:name="androidx.profileinstaller.action.INSTALL_PROFILE" />
116-->[androidx.profileinstaller:profileinstaller:1.3.0] AndroidManifest.xml:41:17-91
116-->[androidx.profileinstaller:profileinstaller:1.3.0] AndroidManifest.xml:41:25-88
117            </intent-filter>
118            <intent-filter>
118-->[androidx.profileinstaller:profileinstaller:1.3.0] AndroidManifest.xml:43:13-45:29
119                <action android:name="androidx.profileinstaller.action.SKIP_FILE" />
119-->[androidx.profileinstaller:profileinstaller:1.3.0] AndroidManifest.xml:44:17-85
119-->[androidx.profileinstaller:profileinstaller:1.3.0] AndroidManifest.xml:44:25-82
120            </intent-filter>
121            <intent-filter>
121-->[androidx.profileinstaller:profileinstaller:1.3.0] AndroidManifest.xml:46:13-48:29
122                <action android:name="androidx.profileinstaller.action.SAVE_PROFILE" />
122-->[androidx.profileinstaller:profileinstaller:1.3.0] AndroidManifest.xml:47:17-88
122-->[androidx.profileinstaller:profileinstaller:1.3.0] AndroidManifest.xml:47:25-85
123            </intent-filter>
124            <intent-filter>
124-->[androidx.profileinstaller:profileinstaller:1.3.0] AndroidManifest.xml:49:13-51:29
125                <action android:name="androidx.profileinstaller.action.BENCHMARK_OPERATION" />
125-->[androidx.profileinstaller:profileinstaller:1.3.0] AndroidManifest.xml:50:17-95
125-->[androidx.profileinstaller:profileinstaller:1.3.0] AndroidManifest.xml:50:25-92
126            </intent-filter>
127        </receiver>
128    </application>
129
130</manifest>